TN:
SF:src\App.jsx
FN:4,App
FN:5,(anonymous_1)
FN:9,(anonymous_2)
FN:14,(anonymous_3)
FN:25,(anonymous_4)
FNF:5
FNH:0
FNDA:0,App
FNDA:0,(anonymous_1)
FNDA:0,(anonymous_2)
FNDA:0,(anonymous_3)
FNDA:0,(anonymous_4)
DA:5,0
DA:6,0
DA:9,0
DA:10,0
DA:11,0
DA:14,0
DA:15,0
DA:16,0
DA:17,0
DA:18,0
DA:19,0
DA:21,0
DA:25,0
DA:26,0
DA:27,0
DA:28,0
DA:29,0
DA:32,0
LF:18
LH:0
BRDA:6,0,0,0
BRDA:6,0,1,0
BRDA:11,1,0,0
BRDA:11,1,1,0
BRDA:18,2,0,0
BRDA:18,2,1,0
BRDA:33,3,0,0
BRDA:33,3,1,0
BRF:8
BRH:0
end_of_record
TN:
SF:src\components\EmployeeDashboard.jsx
FN:192,EmployeeDashboard
FN:193,(anonymous_1)
FN:199,(anonymous_2)
FN:211,(anonymous_3)
FN:216,(anonymous_4)
FN:222,(anonymous_5)
FN:226,(anonymous_6)
FN:227,(anonymous_7)
FN:234,(anonymous_8)
FN:240,(anonymous_9)
FN:244,(anonymous_10)
FN:245,(anonymous_11)
FN:249,(anonymous_12)
FN:254,(anonymous_13)
FN:259,(anonymous_14)
FN:262,(anonymous_15)
FN:262,(anonymous_16)
FN:266,(anonymous_17)
FN:269,(anonymous_18)
FN:269,(anonymous_19)
FN:273,(anonymous_20)
FN:274,(anonymous_21)
FN:282,(anonymous_22)
FN:287,(anonymous_23)
FN:289,(anonymous_24)
FN:290,(anonymous_25)
FN:293,(anonymous_26)
FN:301,(anonymous_27)
FN:305,(anonymous_28)
FN:336,(anonymous_29)
FN:343,(anonymous_30)
FN:350,(anonymous_31)
FN:357,(anonymous_32)
FN:364,(anonymous_33)
FN:440,(anonymous_34)
FN:459,(anonymous_35)
FN:465,(anonymous_36)
FN:492,(anonymous_37)
FN:499,(anonymous_38)
FN:515,(anonymous_39)
FN:524,(anonymous_40)
FN:568,(anonymous_41)
FN:613,(anonymous_42)
FN:625,(anonymous_43)
FN:637,(anonymous_44)
FN:659,(anonymous_45)
FN:666,(anonymous_46)
FN:693,(anonymous_47)
FN:700,(anonymous_48)
FN:707,(anonymous_49)
FN:736,(anonymous_50)
FN:739,(anonymous_51)
FN:752,(anonymous_52)
FN:778,(anonymous_53)
FN:796,(anonymous_54)
FN:803,(anonymous_55)
FN:809,(anonymous_56)
FNF:57
FNH:0
FNDA:0,EmployeeDashboard
FNDA:0,(anonymous_1)
FNDA:0,(anonymous_2)
FNDA:0,(anonymous_3)
FNDA:0,(anonymous_4)
FNDA:0,(anonymous_5)
FNDA:0,(anonymous_6)
FNDA:0,(anonymous_7)
FNDA:0,(anonymous_8)
FNDA:0,(anonymous_9)
FNDA:0,(anonymous_10)
FNDA:0,(anonymous_11)
FNDA:0,(anonymous_12)
FNDA:0,(anonymous_13)
FNDA:0,(anonymous_14)
FNDA:0,(anonymous_15)
FNDA:0,(anonymous_16)
FNDA:0,(anonymous_17)
FNDA:0,(anonymous_18)
FNDA:0,(anonymous_19)
FNDA:0,(anonymous_20)
FNDA:0,(anonymous_21)
FNDA:0,(anonymous_22)
FNDA:0,(anonymous_23)
FNDA:0,(anonymous_24)
FNDA:0,(anonymous_25)
FNDA:0,(anonymous_26)
FNDA:0,(anonymous_27)
FNDA:0,(anonymous_28)
FNDA:0,(anonymous_29)
FNDA:0,(anonymous_30)
FNDA:0,(anonymous_31)
FNDA:0,(anonymous_32)
FNDA:0,(anonymous_33)
FNDA:0,(anonymous_34)
FNDA:0,(anonymous_35)
FNDA:0,(anonymous_36)
FNDA:0,(anonymous_37)
FNDA:0,(anonymous_38)
FNDA:0,(anonymous_39)
FNDA:0,(anonymous_40)
FNDA:0,(anonymous_41)
FNDA:0,(anonymous_42)
FNDA:0,(anonymous_43)
FNDA:0,(anonymous_44)
FNDA:0,(anonymous_45)
FNDA:0,(anonymous_46)
FNDA:0,(anonymous_47)
FNDA:0,(anonymous_48)
FNDA:0,(anonymous_49)
FNDA:0,(anonymous_50)
FNDA:0,(anonymous_51)
FNDA:0,(anonymous_52)
FNDA:0,(anonymous_53)
FNDA:0,(anonymous_54)
FNDA:0,(anonymous_55)
FNDA:0,(anonymous_56)
DA:24,0
DA:193,0
DA:194,0
DA:195,0
DA:198,0
DA:199,0
DA:200,0
DA:201,0
DA:202,0
DA:205,0
DA:206,0
DA:207,0
DA:210,0
DA:211,0
DA:212,0
DA:213,0
DA:215,0
DA:216,0
DA:217,0
DA:219,0
DA:222,0
DA:223,0
DA:226,0
DA:227,0
DA:234,0
DA:235,0
DA:236,0
DA:240,0
DA:241,0
DA:244,0
DA:245,0
DA:249,0
DA:250,0
DA:251,0
DA:254,0
DA:255,0
DA:256,0
DA:259,0
DA:260,0
DA:261,0
DA:262,0
DA:266,0
DA:267,0
DA:269,0
DA:272,0
DA:273,0
DA:274,0
DA:275,0
DA:276,0
DA:278,0
DA:282,0
DA:284,0
DA:287,0
DA:288,0
DA:289,0
DA:290,0
DA:291,0
DA:293,0
DA:294,0
DA:295,0
DA:301,0
DA:305,0
DA:307,0
DA:312,0
DA:313,0
DA:315,0
DA:318,0
DA:336,0
DA:343,0
DA:350,0
DA:357,0
DA:364,0
DA:440,0
DA:459,0
DA:465,0
DA:492,0
DA:499,0
DA:515,0
DA:525,0
DA:526,0
DA:527,0
DA:569,0
DA:570,0
DA:571,0
DA:613,0
DA:625,0
DA:637,0
DA:660,0
DA:661,0
DA:666,0
DA:693,0
DA:700,0
DA:707,0
DA:737,0
DA:738,0
DA:739,0
DA:740,0
DA:747,0
DA:752,0
DA:778,0
DA:796,0
DA:803,0
DA:809,0
LF:103
LH:0
BRDA:195,0,0,0
BRDA:195,0,1,0
BRDA:199,1,0,0
BRDA:199,1,1,0
BRDA:213,2,0,0
BRDA:213,2,1,0
BRDA:217,3,0,0
BRDA:217,3,1,0
BRDA:217,4,0,0
BRDA:217,4,1,0
BRDA:245,5,0,0
BRDA:245,5,1,0
BRDA:261,6,0,0
BRDA:261,6,1,0
BRDA:267,7,0,0
BRDA:267,7,1,0
BRDA:269,8,0,0
BRDA:269,8,1,0
BRDA:275,9,0,0
BRDA:275,9,1,0
BRDA:291,10,0,0
BRDA:291,10,1,0
BRDA:307,11,0,0
BRDA:307,11,1,0
BRDA:307,11,2,0
BRDA:307,11,3,0
BRDA:312,12,0,0
BRDA:312,12,1,0
BRDA:313,13,0,0
BRDA:313,13,1,0
BRDA:315,14,0,0
BRDA:315,14,1,0
BRDA:315,14,2,0
BRDA:335,15,0,0
BRDA:335,15,1,0
BRDA:342,16,0,0
BRDA:342,16,1,0
BRDA:349,17,0,0
BRDA:349,17,1,0
BRDA:356,18,0,0
BRDA:356,18,1,0
BRDA:363,19,0,0
BRDA:363,19,1,0
BRDA:413,20,0,0
BRDA:413,20,1,0
BRDA:414,21,0,0
BRDA:414,21,1,0
BRDA:415,22,0,0
BRDA:415,22,1,0
BRDA:416,23,0,0
BRDA:416,23,1,0
BRDA:417,24,0,0
BRDA:417,24,1,0
BRDA:420,25,0,0
BRDA:420,25,1,0
BRDA:421,26,0,0
BRDA:421,26,1,0
BRDA:422,27,0,0
BRDA:422,27,1,0
BRDA:423,28,0,0
BRDA:423,28,1,0
BRDA:424,29,0,0
BRDA:424,29,1,0
BRDA:432,30,0,0
BRDA:432,30,1,0
BRDA:435,31,0,0
BRDA:435,31,1,0
BRDA:438,32,0,0
BRDA:438,32,1,0
BRDA:438,32,2,0
BRDA:452,33,0,0
BRDA:452,33,1,0
BRDA:480,34,0,0
BRDA:480,34,1,0
BRDA:543,35,0,0
BRDA:543,35,1,0
BRDA:557,36,0,0
BRDA:557,36,1,0
BRDA:570,37,0,0
BRDA:570,37,1,0
BRDA:595,38,0,0
BRDA:595,38,1,0
BRDA:613,39,0,0
BRDA:613,39,1,0
BRDA:625,40,0,0
BRDA:625,40,1,0
BRDA:637,41,0,0
BRDA:637,41,1,0
BRDA:660,42,0,0
BRDA:660,42,1,0
BRDA:682,43,0,0
BRDA:682,43,1,0
BRDA:683,44,0,0
BRDA:683,44,1,0
BRDA:692,45,0,0
BRDA:692,45,1,0
BRDA:699,46,0,0
BRDA:699,46,1,0
BRDA:706,47,0,0
BRDA:706,47,1,0
BRDA:723,48,0,0
BRDA:723,48,1,0
BRDA:737,49,0,0
BRDA:737,49,1,0
BRF:104
BRH:0
end_of_record
TN:
SF:src\components\EmployeeFormModal.jsx
FN:28,EmployeeFormModal
FN:33,(anonymous_1)
FN:46,(anonymous_2)
FN:48,(anonymous_3)
FN:51,(anonymous_4)
FN:55,(anonymous_5)
FN:72,(anonymous_6)
FN:92,(anonymous_7)
FN:162,(anonymous_8)
FN:178,(anonymous_9)
FNF:10
FNH:9
FNDA:132,EmployeeFormModal
FNDA:11,(anonymous_1)
FNDA:109,(anonymous_2)
FNDA:109,(anonymous_3)
FNDA:0,(anonymous_4)
FNDA:3,(anonymous_5)
FNDA:3,(anonymous_6)
FNDA:16,(anonymous_7)
FNDA:1048,(anonymous_8)
FNDA:393,(anonymous_9)
DA:4,1
DA:15,1
DA:17,1
DA:29,132
DA:30,132
DA:33,132
DA:34,11
DA:35,10
DA:36,2
DA:38,8
DA:40,10
DA:44,132
DA:46,131
DA:47,109
DA:48,109
DA:50,109
DA:51,0
DA:55,131
DA:56,3
DA:57,3
DA:58,3
DA:59,3
DA:60,1
DA:61,2
DA:62,1
DA:64,3
DA:65,3
DA:66,1
DA:68,3
DA:69,3
DA:72,131
DA:73,3
DA:74,3
DA:75,3
DA:76,2
DA:77,2
DA:79,1
DA:85,131
DA:87,131
DA:92,16
DA:163,1048
DA:179,393
LF:42
LH:41
BRDA:34,0,0,10
BRDA:34,0,1,1
BRDA:35,1,0,2
BRDA:35,1,1,8
BRDA:44,2,0,1
BRDA:44,2,1,131
BRDA:50,3,0,0
BRDA:50,3,1,109
BRDA:57,4,0,1
BRDA:57,4,1,2
BRDA:58,5,0,1
BRDA:58,5,1,2
BRDA:59,6,0,1
BRDA:59,6,1,2
BRDA:61,7,0,1
BRDA:61,7,1,1
BRDA:64,8,0,1
BRDA:64,8,1,2
BRDA:65,9,0,1
BRDA:65,9,1,2
BRDA:65,10,0,3
BRDA:65,10,1,2
BRDA:65,10,2,2
BRDA:68,11,0,1
BRDA:68,11,1,2
BRDA:75,12,0,2
BRDA:75,12,1,1
BRDA:88,13,0,4
BRDA:88,13,1,127
BRDA:99,14,0,4
BRDA:99,14,1,127
BRDA:122,15,0,1
BRDA:122,15,1,130
BRDA:128,16,0,132
BRDA:128,16,1,1
BRDA:140,17,0,1
BRDA:140,17,1,130
BRDA:146,18,0,132
BRDA:146,18,1,1
BRDA:196,19,0,2
BRDA:196,19,1,129
BRDA:202,20,0,132
BRDA:202,20,1,2
BRDA:214,21,0,1
BRDA:214,21,1,130
BRDA:220,22,0,132
BRDA:220,22,1,1
BRDA:236,23,0,1
BRDA:236,23,1,130
BRDA:242,24,0,132
BRDA:242,24,1,1
BRDA:254,25,0,1
BRDA:254,25,1,130
BRDA:259,26,0,132
BRDA:259,26,1,1
BRDA:277,27,0,4
BRDA:277,27,1,127
BRF:57
BRH:56
end_of_record
TN:
SF:src\components\EmployeeTable.jsx
FN:4,EmployeeTable
FN:27,(anonymous_1)
FN:33,(anonymous_2)
FN:93,(anonymous_3)
FN:103,(anonymous_4)
FNF:5
FNH:5
FNDA:10,EmployeeTable
FNDA:23,(anonymous_1)
FNDA:46,(anonymous_2)
FNDA:1,(anonymous_3)
FNDA:1,(anonymous_4)
DA:5,10
DA:6,1
DA:13,9
DA:28,23
DA:33,46
DA:93,1
DA:103,1
LF:7
LH:7
BRDA:5,0,0,1
BRDA:5,0,1,9
BRDA:5,1,0,10
BRDA:5,1,1,10
BRDA:67,2,0,23
BRDA:67,2,1,0
BRDA:75,3,0,9
BRDA:75,3,1,14
BRDA:77,4,0,7
BRDA:77,4,1,7
BRF:10
BRH:9
end_of_record
TN:
SF:src\components\ExcelImportModal.jsx
FN:5,ExcelImportModal
FN:17,(anonymous_1)
FN:27,(anonymous_2)
FN:38,(anonymous_3)
FN:44,(anonymous_4)
FN:57,(anonymous_5)
FN:90,(anonymous_6)
FN:104,(anonymous_7)
FN:105,(anonymous_8)
FN:106,(anonymous_9)
FN:107,(anonymous_10)
FN:141,(anonymous_11)
FN:156,(anonymous_12)
FN:164,(anonymous_13)
FN:175,(anonymous_14)
FN:185,(anonymous_15)
FN:198,(anonymous_16)
FN:238,(anonymous_17)
FN:384,(anonymous_18)
FN:424,(anonymous_19)
FNF:20
FNH:0
FNDA:0,ExcelImportModal
FNDA:0,(anonymous_1)
FNDA:0,(anonymous_2)
FNDA:0,(anonymous_3)
FNDA:0,(anonymous_4)
FNDA:0,(anonymous_5)
FNDA:0,(anonymous_6)
FNDA:0,(anonymous_7)
FNDA:0,(anonymous_8)
FNDA:0,(anonymous_9)
FNDA:0,(anonymous_10)
FNDA:0,(anonymous_11)
FNDA:0,(anonymous_12)
FNDA:0,(anonymous_13)
FNDA:0,(anonymous_14)
FNDA:0,(anonymous_15)
FNDA:0,(anonymous_16)
FNDA:0,(anonymous_17)
FNDA:0,(anonymous_18)
FNDA:0,(anonymous_19)
DA:6,0
DA:7,0
DA:8,0
DA:9,0
DA:10,0
DA:11,0
DA:13,0
DA:15,0
DA:17,0
DA:18,0
DA:19,0
DA:20,0
DA:21,0
DA:22,0
DA:23,0
DA:27,0
DA:28,0
DA:29,0
DA:30,0
DA:32,0
DA:33,0
DA:34,0
DA:38,0
DA:39,0
DA:40,0
DA:44,0
DA:45,0
DA:46,0
DA:47,0
DA:48,0
DA:49,0
DA:50,0
DA:52,0
DA:53,0
DA:54,0
DA:57,0
DA:58,0
DA:59,0
DA:60,0
DA:62,0
DA:63,0
DA:65,0
DA:67,0
DA:72,0
DA:73,0
DA:76,0
DA:78,0
DA:79,0
DA:80,0
DA:82,0
DA:85,0
DA:88,0
DA:89,0
DA:90,0
DA:91,0
DA:92,0
DA:93,0
DA:94,0
DA:95,0
DA:96,0
DA:98,0
DA:99,0
DA:100,0
DA:101,0
DA:104,0
DA:105,0
DA:106,0
DA:107,0
DA:109,0
DA:112,0
DA:113,0
DA:114,0
DA:115,0
DA:116,0
DA:117,0
DA:118,0
DA:119,0
DA:121,0
DA:133,0
DA:134,0
DA:136,0
DA:138,0
DA:141,0
DA:142,0
DA:143,0
DA:146,0
DA:147,0
DA:149,0
DA:153,0
DA:156,0
DA:157,0
DA:158,0
DA:159,0
DA:160,0
DA:164,0
DA:165,0
DA:166,0
DA:167,0
DA:168,0
DA:169,0
DA:170,0
DA:175,0
DA:176,0
DA:177,0
DA:178,0
DA:179,0
DA:180,0
DA:181,0
DA:182,0
DA:185,0
DA:186,0
DA:193,0
DA:198,0
DA:238,0
DA:385,0
DA:386,0
DA:387,0
DA:425,0
LF:118
LH:0
BRDA:15,0,0,0
BRDA:15,0,1,0
BRDA:20,1,0,0
BRDA:20,1,1,0
BRDA:20,2,0,0
BRDA:20,2,1,0
BRDA:22,3,0,0
BRDA:22,3,1,0
BRDA:32,4,0,0
BRDA:32,4,1,0
BRDA:32,5,0,0
BRDA:32,5,1,0
BRDA:39,6,0,0
BRDA:39,6,1,0
BRDA:39,7,0,0
BRDA:39,7,1,0
BRDA:46,8,0,0
BRDA:46,8,1,0
BRDA:72,9,0,0
BRDA:72,9,1,0
BRDA:78,10,0,0
BRDA:78,10,1,0
BRDA:78,11,0,0
BRDA:78,11,1,0
BRDA:98,12,0,0
BRDA:98,12,1,0
BRDA:109,13,0,0
BRDA:109,13,1,0
BRDA:112,14,0,0
BRDA:112,14,1,0
BRDA:113,15,0,0
BRDA:113,15,1,0
BRDA:114,16,0,0
BRDA:114,16,1,0
BRDA:115,17,0,0
BRDA:115,17,1,0
BRDA:116,18,0,0
BRDA:116,18,1,0
BRDA:117,19,0,0
BRDA:117,19,1,0
BRDA:118,20,0,0
BRDA:118,20,1,0
BRDA:119,21,0,0
BRDA:119,21,1,0
BRDA:157,22,0,0
BRDA:157,22,1,0
BRDA:169,23,0,0
BRDA:169,23,1,0
BRDA:177,24,0,0
BRDA:177,24,1,0
BRDA:177,25,0,0
BRDA:177,25,1,0
BRDA:178,26,0,0
BRDA:178,26,1,0
BRDA:179,27,0,0
BRDA:179,27,1,0
BRDA:179,28,0,0
BRDA:179,28,1,0
BRDA:180,29,0,0
BRDA:180,29,1,0
BRDA:180,30,0,0
BRDA:180,30,1,0
BRDA:181,31,0,0
BRDA:181,31,1,0
BRDA:181,32,0,0
BRDA:181,32,1,0
BRDA:213,33,0,0
BRDA:213,33,1,0
BRDA:221,34,0,0
BRDA:221,34,1,0
BRDA:222,35,0,0
BRDA:222,35,1,0
BRDA:223,36,0,0
BRDA:223,36,1,0
BRDA:225,37,0,0
BRDA:225,37,1,0
BRDA:231,38,0,0
BRDA:231,38,1,0
BRDA:233,39,0,0
BRDA:233,39,1,0
BRDA:245,40,0,0
BRDA:245,40,1,0
BRDA:246,41,0,0
BRDA:246,41,1,0
BRDA:288,42,0,0
BRDA:288,42,1,0
BRDA:306,43,0,0
BRDA:306,43,1,0
BRDA:335,44,0,0
BRDA:335,44,1,0
BRDA:335,44,2,0
BRDA:335,44,3,0
BRDA:389,45,0,0
BRDA:389,45,1,0
BRDA:392,46,0,0
BRDA:392,46,1,0
BRDA:393,47,0,0
BRDA:393,47,1,0
BRDA:398,48,0,0
BRDA:398,48,1,0
BRDA:406,49,0,0
BRDA:406,49,1,0
BRDA:407,50,0,0
BRDA:407,50,1,0
BRDA:422,51,0,0
BRDA:422,51,1,0
BRDA:456,52,0,0
BRDA:456,52,1,0
BRDA:458,53,0,0
BRDA:458,53,1,0
BRF:110
BRH:0
end_of_record
TN:
SF:src\components\LoginPage.jsx
FN:4,LoginPage
FN:11,(anonymous_1)
FN:22,(anonymous_2)
FN:36,(anonymous_3)
FN:86,(anonymous_4)
FN:104,(anonymous_5)
FN:140,(anonymous_6)
FN:157,(anonymous_7)
FNF:8
FNH:8
FNDA:119,LoginPage
FNDA:7,(anonymous_1)
FNDA:5,(anonymous_2)
FNDA:2,(anonymous_3)
FNDA:1,(anonymous_4)
FNDA:5,(anonymous_5)
FNDA:45,(anonymous_6)
FNDA:45,(anonymous_7)
DA:5,119
DA:6,119
DA:7,119
DA:8,119
DA:9,119
DA:11,119
DA:12,7
DA:13,7
DA:15,7
DA:16,2
DA:17,2
DA:20,5
DA:22,5
DA:23,5
DA:24,3
DA:25,2
DA:27,1
DA:28,1
DA:32,2
DA:33,2
DA:36,2
DA:37,2
DA:41,2
DA:42,1
DA:44,1
DA:45,1
DA:51,119
DA:86,1
DA:104,5
DA:140,45
DA:157,45
LF:31
LH:31
BRDA:15,0,0,2
BRDA:15,0,1,5
BRDA:15,1,0,7
BRDA:15,1,1,6
BRDA:23,2,0,3
BRDA:23,2,1,2
BRDA:24,3,0,2
BRDA:24,3,1,1
BRDA:24,4,0,3
BRDA:24,4,1,2
BRDA:33,5,0,2
BRDA:33,5,1,0
BRDA:37,6,0,2
BRDA:37,6,1,0
BRDA:41,7,0,1
BRDA:41,7,1,1
BRDA:41,8,0,2
BRDA:41,8,1,2
BRDA:79,9,0,75
BRDA:79,9,1,44
BRDA:80,10,0,75
BRDA:80,10,1,44
BRDA:97,11,0,44
BRDA:97,11,1,75
BRDA:98,12,0,44
BRDA:98,12,1,75
BRDA:111,13,0,75
BRDA:111,13,1,44
BRDA:113,14,0,75
BRDA:113,14,1,44
BRDA:120,15,0,119
BRDA:120,15,1,4
BRDA:129,16,0,75
BRDA:129,16,1,44
BRDA:138,17,0,75
BRDA:138,17,1,44
BRDA:155,18,0,75
BRDA:155,18,1,44
BRDA:169,19,0,5
BRDA:169,19,1,114
BRF:40
BRH:38
end_of_record
TN:
SF:src\components\SalarySlipModal.jsx
FN:10,SalarySlipModal
FN:35,(anonymous_1)
FN:43,(anonymous_2)
FN:127,(anonymous_3)
FN:194,(anonymous_4)
FN:206,(anonymous_5)
FN:236,(anonymous_6)
FN:238,(anonymous_7)
FN:245,(anonymous_8)
FNF:9
FNH:0
FNDA:0,SalarySlipModal
FNDA:0,(anonymous_1)
FNDA:0,(anonymous_2)
FNDA:0,(anonymous_3)
FNDA:0,(anonymous_4)
FNDA:0,(anonymous_5)
FNDA:0,(anonymous_6)
FNDA:0,(anonymous_7)
FNDA:0,(anonymous_8)
DA:5,0
DA:11,0
DA:12,0
DA:13,0
DA:15,0
DA:18,0
DA:19,0
DA:22,0
DA:23,0
DA:24,0
DA:27,0
DA:28,0
DA:29,0
DA:30,0
DA:32,0
DA:35,0
DA:36,0
DA:43,0
DA:44,0
DA:45,0
DA:52,0
DA:53,0
DA:56,0
DA:57,0
DA:60,0
DA:61,0
DA:62,0
DA:63,0
DA:65,0
DA:66,0
DA:67,0
DA:68,0
DA:71,0
DA:72,0
DA:75,0
DA:76,0
DA:77,0
DA:79,0
DA:80,0
DA:81,0
DA:83,0
DA:84,0
DA:87,0
DA:88,0
DA:89,0
DA:92,0
DA:93,0
DA:94,0
DA:95,0
DA:97,0
DA:100,0
DA:101,0
DA:102,0
DA:103,0
DA:104,0
DA:107,0
DA:108,0
DA:110,0
DA:111,0
DA:112,0
DA:113,0
DA:114,0
DA:115,0
DA:117,0
DA:120,0
DA:126,0
DA:127,0
DA:129,0
DA:130,0
DA:131,0
DA:134,0
DA:135,0
DA:136,0
DA:137,0
DA:139,0
DA:143,0
DA:144,0
DA:145,0
DA:148,0
DA:149,0
DA:150,0
DA:151,0
DA:152,0
DA:154,0
DA:155,0
DA:156,0
DA:159,0
DA:160,0
DA:162,0
DA:163,0
DA:165,0
DA:166,0
DA:167,0
DA:169,0
DA:172,0
DA:173,0
DA:174,0
DA:175,0
DA:177,0
DA:178,0
DA:179,0
DA:181,0
DA:184,0
DA:185,0
DA:186,0
DA:187,0
DA:190,0
DA:193,0
DA:194,0
DA:196,0
DA:197,0
DA:201,0
DA:206,0
DA:236,0
DA:238,0
DA:245,0
LF:116
LH:0
BRDA:15,0,0,0
BRDA:15,0,1,0
BRDA:15,1,0,0
BRDA:15,1,1,0
BRDA:18,2,0,0
BRDA:18,2,1,0
BRDA:129,3,0,0
BRDA:129,3,1,0
BRDA:367,4,0,0
BRDA:367,4,1,0
BRDA:369,5,0,0
BRDA:369,5,1,0
BRDA:371,6,0,0
BRDA:371,6,1,0
BRF:14
BRH:0
end_of_record
TN:
SF:src\components\StatsSection.jsx
FN:4,StatsSection
FN:7,(anonymous_1)
FN:9,(anonymous_2)
FN:12,(anonymous_3)
FN:16,(anonymous_4)
FN:57,(anonymous_5)
FNF:6
FNH:6
FNDA:11,StatsSection
FNDA:35,(anonymous_1)
FNDA:35,(anonymous_2)
FNDA:35,(anonymous_3)
FNDA:11,(anonymous_4)
FNDA:44,(anonymous_5)
DA:5,11
DA:7,35
DA:9,35
DA:11,11
DA:12,35
DA:16,11
DA:17,11
DA:24,11
DA:55,11
DA:58,44
LF:10
LH:10
BRDA:11,0,0,10
BRDA:11,0,1,1
BRDA:12,1,0,35
BRDA:12,1,1,0
BRF:4
BRH:3
end_of_record
